{
  "Unit Tests": {
    "coverage": {
      "/Users/rs/Desktop/headcount1/Head_Count/lib/district.rb": [
        1,
        1,
        null,
        null,
        null,
        1,
        null,
        362,
        362,
        362,
        362,
        null,
        null,
        1,
        0,
        null,
        null,
        null,
        null
      ],
      "/Users/rs/Desktop/headcount1/Head_Count/lib/district_repository.rb": [
        1,
        1,
        1,
        1,
        null,
        null,
        null,
        1,
        1,
        null,
        null,
        null,
        1,
        2,
        2,
        null,
        null,
        null,
        1,
        2,
        3,
        3,
        3,
        4887,
        4525,
        3620,
        null,
        null,
        905,
        null,
        null,
        362,
        362,
        null,
        0,
        null,
        null,
        null,
        null,
        null,
        null,
        null,
        null,
        null,
        null,
        null,
        null,
        null,
        null,
        null,
        null,
        null,
        null,
        null,
        null,
        null,
        null,
        null,
        null,
        null,
        null,
        null,
        null,
        null,
        1,
        1,
        null,
        null,
        1,
        0,
        0,
        null,
        0,
        null,
        null,
        1,
        0,
        null,
        null,
        null,
        null,
        null,
        null,
        null,
        null,
        null,
        null,
        null,
        null,
        null,
        null
      ],
      "/Users/rs/Desktop/headcount1/Head_Count/lib/enrollment_repository.rb": [
        1,
        1,
        1,
        null,
        1,
        1,
        null,
        null,
        1,
        2,
        null,
        null,
        1,
        0,
        0,
        0,
        0,
        0,
        0,
        0,
        null,
        null,
        0,
        null,
        null,
        0,
        0,
        null,
        0,
        null,
        null,
        null,
        null,
        null,
        null,
        null,
        1,
        0,
        null,
        null,
        null,
        null,
        null,
        null,
        null,
        null,
        null,
        null,
        null,
        null,
        null,
        null
      ],
      "/Users/rs/Desktop/headcount1/Head_Count/lib/enrollment.rb": [
        1,
        null,
        1,
        1,
        null,
        null,
        null,
        null,
        1,
        0,
        null,
        0,
        0,
        null,
        null,
        null,
        1,
        0,
        0,
        0,
        0,
        null,
        0,
        null,
        null,
        null,
        1,
        0,
        null,
        null,
        null,
        1,
        0,
        0,
        0,
        0,
        null,
        0,
        null,
        null,
        1,
        0,
        null,
        null
      ],
      "/Users/rs/Desktop/headcount1/Head_Count/lib/headcount_analyst.rb": [
        1,
        1,
        null,
        1,
        1,
        1,
        null,
        null,
        null,
        null,
        null,
        null,
        null,
        null,
        null,
        null,
        null,
        null,
        null,
        null,
        1,
        0,
        0,
        0,
        null,
        0,
        0,
        null,
        null,
        1,
        0,
        0,
        0,
        0,
        null,
        0,
        0,
        0,
        null,
        0,
        null,
        null,
        null,
        0,
        0,
        0,
        0,
        null,
        0,
        null,
        null,
        1,
        0,
        0,
        null,
        null,
        0,
        0,
        null,
        null,
        1,
        1,
        1,
        1,
        181,
        181,
        181,
        181,
        16471,
        11391,
        null,
        5080,
        null,
        null,
        null,
        1,
        181,
        null,
        1,
        0,
        null,
        1,
        null,
        null,
        null,
        0,
        0,
        0,
        0,
        0,
        null,
        0,
        null,
        null,
        0,
        0,
        null,
        null,
        null,
        1,
        null,
        null,
        null,
        null,
        null,
        null,
        1,
        362,
        362,
        2896,
        2896,
        null,
        362,
        362,
        null,
        null,
        null,
        null,
        null,
        null,
        null,
        null,
        null,
        null,
        null,
        null,
        null,
        null,
        null,
        null,
        null,
        null,
        null,
        null,
        null,
        1,
        1,
        null,
        1,
        null,
        null,
        1,
        null,
        null
      ]
    },
    "timestamp": 1484074263
  },
  "RSpec": {
    "coverage": {
      "/Users/rs/Desktop/headcount1/Head_Count/lib/district.rb": [
        1,
        1,
        null,
        null,
        null,
        1,
        null,
        1270,
        1270,
        1270,
        1270,
        null,
        null,
        1,
        1,
        null,
        null,
        null,
        null
      ],
      "/Users/rs/Desktop/headcount1/Head_Count/lib/district_repository.rb": [
        1,
        1,
        1,
        1,
        null,
        null,
        null,
        1,
        1,
        null,
        null,
        null,
        1,
        7,
        7,
        null,
        null,
        null,
        1,
        7,
        8,
        8,
        8,
        14842,
        13575,
        12670,
        null,
        null,
        905,
        null,
        null,
        1267,
        1267,
        null,
        0,
        null,
        null,
        null,
        null,
        null,
        null,
        null,
        null,
        null,
        null,
        null,
        null,
        null,
        null,
        null,
        null,
        null,
        null,
        null,
        null,
        null,
        null,
        null,
        null,
        null,
        null,
        null,
        null,
        null,
        1,
        4,
        null,
        null,
        1,
        0,
        0,
        null,
        0,
        null,
        null,
        1,
        0,
        null,
        null,
        null,
        null,
        null,
        null,
        null,
        null,
        null,
        null,
        null,
        null,
        null,
        null
      ],
      "/Users/rs/Desktop/headcount1/Head_Count/lib/enrollment_repository.rb": [
        1,
        1,
        1,
        null,
        1,
        1,
        null,
        null,
        1,
        9,
        null,
        null,
        1,
        2,
        3,
        3,
        3,
        4887,
        4525,
        3620,
        null,
        null,
        905,
        null,
        null,
        362,
        362,
        null,
        0,
        null,
        null,
        null,
        null,
        null,
        null,
        null,
        1,
        2,
        null,
        null,
        null,
        null,
        null,
        null,
        null,
        null,
        null,
        null,
        null,
        null,
        null,
        null
      ],
      "/Users/rs/Desktop/headcount1/Head_Count/lib/enrollment.rb": [
        1,
        null,
        1,
        1,
        null,
        null,
        null,
        null,
        1,
        362,
        null,
        362,
        362,
        null,
        null,
        null,
        1,
        0,
        0,
        0,
        0,
        null,
        0,
        null,
        null,
        null,
        1,
        0,
        null,
        null,
        null,
        1,
        5,
        5,
        25,
        25,
        null,
        5,
        null,
        null,
        1,
        1,
        null,
        null
      ],
      "/Users/rs/Desktop/headcount1/Head_Count/lib/headcount_analyst.rb": [
        1,
        1,
        null,
        1,
        1,
        3,
        null,
        null,
        null,
        null,
        null,
        null,
        null,
        null,
        null,
        null,
        null,
        null,
        null,
        null,
        1,
        1,
        1,
        1,
        null,
        0,
        0,
        null,
        null,
        1,
        1,
        1,
        1,
        1,
        null,
        1,
        11,
        11,
        null,
        0,
        null,
        null,
        null,
        12,
        1,
        1,
        11,
        null,
        1,
        null,
        null,
        1,
        0,
        0,
        null,
        null,
        0,
        0,
        null,
        null,
        1,
        1,
        1,
        1,
        181,
        181,
        181,
        181,
        16471,
        11391,
        null,
        5080,
        null,
        null,
        null,
        1,
        181,
        null,
        1,
        0,
        null,
        1,
        null,
        null,
        null,
        0,
        0,
        0,
        0,
        0,
        null,
        0,
        null,
        null,
        0,
        0,
        null,
        null,
        null,
        1,
        null,
        null,
        null,
        null,
        null,
        null,
        1,
        363,
        363,
        2907,
        2907,
        null,
        363,
        363,
        null,
        null,
        null,
        null,
        null,
        null,
        null,
        null,
        null,
        null,
        null,
        null,
        null,
        null,
        null,
        null,
        null,
        null,
        null,
        null,
        null,
        1,
        1,
        null,
        1,
        null,
        null,
        1,
        null,
        null
      ],
      "/Users/rs/Desktop/headcount1/Head_Count/test/district_test.rb": [
        1,
        1,
        1,
        1,
        null,
        null,
        null,
        1,
        1,
        null,
        1,
        3,
        3,
        3,
        null,
        null,
        null,
        3,
        null,
        null,
        1,
        null,
        1,
        null,
        null,
        1,
        null,
        1,
        null,
        null,
        1,
        null,
        0,
        null,
        null,
        null,
        null,
        null,
        null,
        null,
        null,
        null,
        null,
        0,
        null,
        null,
        null,
        1,
        null,
        1,
        0,
        0,
        0,
        0,
        null,
        0,
        0,
        0,
        0,
        0,
        null,
        null
      ],
      "/Users/rs/Desktop/headcount1/Head_Count/test/enrollment_repository_test.rb": [
        1,
        1,
        1,
        1,
        null,
        null,
        null,
        1,
        1,
        1,
        1,
        1,
        null,
        null,
        null,
        null,
        1,
        null,
        null,
        1,
        1,
        null,
        null,
        null,
        null
      ],
      "/Users/rs/Desktop/headcount1/Head_Count/test/enrollment_test.rb": [
        1,
        1,
        1,
        1,
        null,
        1,
        1,
        null,
        null,
        null,
        null,
        null,
        null,
        null,
        null,
        null,
        null,
        null,
        null,
        null,
        null,
        null,
        null,
        null,
        null,
        null,
        null,
        null,
        null,
        null,
        null,
        null,
        null,
        null,
        null,
        1,
        1,
        1,
        null,
        null,
        null,
        null,
        null,
        1,
        null,
        null,
        1,
        1,
        5,
        null,
        1,
        null,
        null,
        null,
        null,
        null,
        null
      ],
      "/Users/rs/Desktop/headcount1/Head_Count/test/headcount_anaylyst_test.rb": [
        1,
        1,
        1,
        1,
        null,
        null,
        1,
        1,
        1,
        1,
        1,
        1,
        null,
        0,
        0,
        null,
        null,
        1,
        null,
        1,
        1,
        1,
        null,
        null,
        1,
        1,
        null,
        null,
        null,
        null,
        null,
        null,
        null,
        null,
        null,
        null,
        null,
        1,
        1,
        null,
        null
      ],
      "/Users/rs/Desktop/headcount1/Head_Count/test/test_helper.rb": [
        1,
        1,
        null,
        null,
        1,
        1,
        1,
        1,
        1
      ]
    },
    "timestamp": 1484073760
  }
}
